{"/Applications/XAMPP/xamppfiles/htdocs/blockchain/wallex-task/src/Models/Machine.ts": {"path":"/Applications/XAMPP/xamppfiles/htdocs/blockchain/wallex-task/src/Models/Machine.ts","statementMap":{"0":{"start":{"line":3,"column":0},"end":{"line":3,"column":null}},"1":{"start":{"line":4,"column":2},"end":{"line":4,"column":null}},"2":{"start":{"line":7,"column":0},"end":{"line":7,"column":null}},"3":{"start":{"line":8,"column":2},"end":{"line":8,"column":null}},"4":{"start":{"line":9,"column":2},"end":{"line":9,"column":null}},"5":{"start":{"line":22,"column":0},"end":{"line":22,"column":13}},"6":{"start":{"line":28,"column":21},"end":{"line":28,"column":31}},"7":{"start":{"line":28,"column":40},"end":{"line":28,"column":59}},"8":{"start":{"line":29,"column":4},"end":{"line":29,"column":30}},"9":{"start":{"line":30,"column":4},"end":{"line":30,"column":29}},"10":{"start":{"line":31,"column":4},"end":{"line":31,"column":25}},"11":{"start":{"line":32,"column":4},"end":{"line":32,"column":33}},"12":{"start":{"line":35,"column":2},"end":{"line":37,"column":null}},"13":{"start":{"line":36,"column":4},"end":{"line":36,"column":23}},"14":{"start":{"line":49,"column":4},"end":{"line":49,"column":24}},"15":{"start":{"line":38,"column":2},"end":{"line":40,"column":null}},"16":{"start":{"line":39,"column":4},"end":{"line":39,"column":28}},"17":{"start":{"line":52,"column":4},"end":{"line":52,"column":29}},"18":{"start":{"line":41,"column":2},"end":{"line":43,"column":null}},"19":{"start":{"line":42,"column":4},"end":{"line":42,"column":32}},"20":{"start":{"line":55,"column":4},"end":{"line":55,"column":33}},"21":{"start":{"line":44,"column":2},"end":{"line":46,"column":null}},"22":{"start":{"line":45,"column":4},"end":{"line":45,"column":32}},"23":{"start":{"line":58,"column":4},"end":{"line":58,"column":33}},"24":{"start":{"line":61,"column":9},"end":{"line":64,"column":null}},"25":{"start":{"line":62,"column":4},"end":{"line":63,"column":49}},"26":{"start":{"line":62,"column":34},"end":{"line":62,"column":58}},"27":{"start":{"line":63,"column":6},"end":{"line":63,"column":49}},"28":{"start":{"line":65,"column":0},"end":{"line":65,"column":null}},"29":{"start":{"line":22,"column":13},"end":{"line":22,"column":20}}},"fnMap":{"0":{"name":"(anonymous_0)","decl":{"start":{"line":3,"column":0},"end":{"line":3,"column":12}},"loc":{"start":{"line":3,"column":18},"end":{"line":5,"column":1}}},"1":{"name":"(anonymous_1)","decl":{"start":{"line":7,"column":0},"end":{"line":7,"column":12}},"loc":{"start":{"line":7,"column":18},"end":{"line":10,"column":1}}},"2":{"name":"(anonymous_2)","decl":{"start":{"line":22,"column":0},"end":{"line":22,"column":13}},"loc":{"start":{"line":22,"column":0},"end":{"line":65,"column":null}}},"3":{"name":"Machine","decl":{"start":{"line":28,"column":2},"end":{"line":28,"column":21}},"loc":{"start":{"line":28,"column":59},"end":{"line":33,"column":3}}},"4":{"name":"(anonymous_4)","decl":{"start":{"line":35,"column":2},"end":{"line":35,"column":6}},"loc":{"start":{"line":35,"column":2},"end":{"line":37,"column":3}}},"5":{"name":"(anonymous_5)","decl":{"start":{"line":48,"column":2},"end":{"line":48,"column":12}},"loc":{"start":{"line":48,"column":17},"end":{"line":50,"column":3}}},"6":{"name":"(anonymous_6)","decl":{"start":{"line":38,"column":2},"end":{"line":38,"column":6}},"loc":{"start":{"line":38,"column":2},"end":{"line":40,"column":3}}},"7":{"name":"(anonymous_7)","decl":{"start":{"line":51,"column":2},"end":{"line":51,"column":17}},"loc":{"start":{"line":51,"column":22},"end":{"line":53,"column":3}}},"8":{"name":"(anonymous_8)","decl":{"start":{"line":41,"column":2},"end":{"line":41,"column":6}},"loc":{"start":{"line":41,"column":2},"end":{"line":43,"column":3}}},"9":{"name":"(anonymous_9)","decl":{"start":{"line":54,"column":2},"end":{"line":54,"column":21}},"loc":{"start":{"line":54,"column":26},"end":{"line":56,"column":3}}},"10":{"name":"(anonymous_10)","decl":{"start":{"line":44,"column":2},"end":{"line":44,"column":6}},"loc":{"start":{"line":44,"column":2},"end":{"line":46,"column":3}}},"11":{"name":"(anonymous_11)","decl":{"start":{"line":57,"column":2},"end":{"line":57,"column":21}},"loc":{"start":{"line":57,"column":26},"end":{"line":59,"column":3}}},"12":{"name":"(anonymous_12)","decl":{"start":{"line":61,"column":2},"end":{"line":61,"column":9}},"loc":{"start":{"line":61,"column":36},"end":{"line":64,"column":3}}},"13":{"name":"(anonymous_13)","decl":{"start":{"line":62,"column":29},"end":{"line":62,"column":30}},"loc":{"start":{"line":62,"column":30},"end":{"line":62,"column":35}}}},"branchMap":{"0":{"loc":{"start":{"line":3,"column":12},"end":{"line":3,"column":null}},"type":"binary-expr","locations":[{"start":{"line":3,"column":12},"end":{"line":3,"column":18}},{"start":{"line":3,"column":12},"end":{"line":3,"column":null}}]},"1":{"loc":{"start":{"line":7,"column":12},"end":{"line":7,"column":null}},"type":"binary-expr","locations":[{"start":{"line":7,"column":12},"end":{"line":7,"column":18}},{"start":{"line":7,"column":12},"end":{"line":7,"column":null}}]},"2":{"loc":{"start":{"line":62,"column":4},"end":{"line":63,"column":49}},"type":"if","locations":[{"start":{"line":62,"column":4},"end":{"line":63,"column":49}}]}},"s":{"0":1,"1":1,"2":1,"3":1,"4":1,"5":1,"6":55,"7":55,"8":55,"9":55,"10":55,"11":55,"12":1,"13":19,"14":11,"15":1,"16":8,"17":8,"18":1,"19":13,"20":11,"21":1,"22":6,"23":11,"24":1,"25":4,"26":8,"27":1,"28":1,"29":1},"f":{"0":1,"1":1,"2":1,"3":55,"4":19,"5":11,"6":8,"7":8,"8":13,"9":11,"10":6,"11":11,"12":4,"13":8},"b":{"0":[1,1],"1":[1,1],"2":[1]}}
,"/Applications/XAMPP/xamppfiles/htdocs/blockchain/wallex-task/src/Repositories/Product.ts": {"path":"/Applications/XAMPP/xamppfiles/htdocs/blockchain/wallex-task/src/Repositories/Product.ts","statementMap":{"0":{"start":{"line":5,"column":0},"end":{"line":5,"column":null}},"1":{"start":{"line":6,"column":2},"end":{"line":6,"column":null}},"2":{"start":{"line":8,"column":0},"end":{"line":8,"column":null}},"3":{"start":{"line":9,"column":2},"end":{"line":9,"column":null}},"4":{"start":{"line":10,"column":2},"end":{"line":10,"column":null}},"5":{"start":{"line":12,"column":0},"end":{"line":12,"column":null}},"6":{"start":{"line":13,"column":2},"end":{"line":13,"column":null}},"7":{"start":{"line":14,"column":2},"end":{"line":14,"column":null}},"8":{"start":{"line":15,"column":2},"end":{"line":15,"column":null}},"9":{"start":{"line":17,"column":13},"end":{"line":17,"column":35}},"10":{"start":{"line":19,"column":0},"end":{"line":19,"column":13}},"11":{"start":{"line":21,"column":7},"end":{"line":33,"column":null}},"12":{"start":{"line":22,"column":16},"end":{"line":25,"column":4}},"13":{"start":{"line":26,"column":14},"end":{"line":29,"column":null}},"14":{"start":{"line":30,"column":2},"end":{"line":32,"column":4}},"15":{"start":{"line":35,"column":7},"end":{"line":42,"column":null}},"16":{"start":{"line":36,"column":18},"end":{"line":36,"column":71}},"17":{"start":{"line":36,"column":52},"end":{"line":36,"column":68}},"18":{"start":{"line":37,"column":2},"end":{"line":38,"column":19}},"19":{"start":{"line":38,"column":4},"end":{"line":38,"column":19}},"20":{"start":{"line":39,"column":2},"end":{"line":40,"column":56}},"21":{"start":{"line":40,"column":4},"end":{"line":40,"column":56}},"22":{"start":{"line":41,"column":2},"end":{"line":41,"column":null}},"23":{"start":{"line":43,"column":0},"end":{"line":43,"column":null}},"24":{"start":{"line":19,"column":13},"end":{"line":19,"column":30}}},"fnMap":{"0":{"name":"(anonymous_0)","decl":{"start":{"line":5,"column":0},"end":{"line":5,"column":12}},"loc":{"start":{"line":5,"column":18},"end":{"line":7,"column":1}}},"1":{"name":"(anonymous_1)","decl":{"start":{"line":8,"column":0},"end":{"line":8,"column":12}},"loc":{"start":{"line":8,"column":24},"end":{"line":11,"column":1}}},"2":{"name":"(anonymous_2)","decl":{"start":{"line":12,"column":0},"end":{"line":12,"column":12}},"loc":{"start":{"line":12,"column":23},"end":{"line":16,"column":1}}},"3":{"name":"(anonymous_3)","decl":{"start":{"line":19,"column":0},"end":{"line":19,"column":13}},"loc":{"start":{"line":19,"column":0},"end":{"line":43,"column":null}}},"4":{"name":"(anonymous_5)","decl":{"start":{"line":21,"column":0},"end":{"line":21,"column":7}},"loc":{"start":{"line":21,"column":0},"end":{"line":33,"column":1}}},"5":{"name":"(anonymous_6)","decl":{"start":{"line":35,"column":0},"end":{"line":35,"column":7}},"loc":{"start":{"line":35,"column":37},"end":{"line":42,"column":1}}},"6":{"name":"(anonymous_7)","decl":{"start":{"line":36,"column":47},"end":{"line":36,"column":48}},"loc":{"start":{"line":36,"column":48},"end":{"line":36,"column":53}}}},"branchMap":{"0":{"loc":{"start":{"line":5,"column":12},"end":{"line":5,"column":null}},"type":"binary-expr","locations":[{"start":{"line":5,"column":12},"end":{"line":5,"column":18}},{"start":{"line":5,"column":12},"end":{"line":5,"column":null}}]},"1":{"loc":{"start":{"line":8,"column":12},"end":{"line":8,"column":null}},"type":"binary-expr","locations":[{"start":{"line":8,"column":12},"end":{"line":8,"column":24}},{"start":{"line":8,"column":12},"end":{"line":8,"column":null}}]},"2":{"loc":{"start":{"line":12,"column":12},"end":{"line":12,"column":null}},"type":"binary-expr","locations":[{"start":{"line":12,"column":12},"end":{"line":12,"column":23}},{"start":{"line":12,"column":12},"end":{"line":12,"column":null}}]},"3":{"loc":{"start":{"line":37,"column":2},"end":{"line":38,"column":19}},"type":"if","locations":[{"start":{"line":37,"column":2},"end":{"line":38,"column":19}}]},"4":{"loc":{"start":{"line":39,"column":2},"end":{"line":40,"column":56}},"type":"if","locations":[{"start":{"line":39,"column":2},"end":{"line":40,"column":56}}]}},"s":{"0":2,"1":2,"2":2,"3":2,"4":2,"5":2,"6":2,"7":2,"8":2,"9":2,"10":2,"11":2,"12":63,"13":63,"14":63,"15":2,"16":7,"17":14,"18":7,"19":5,"20":2,"21":1,"22":1,"23":2,"24":2},"f":{"0":2,"1":2,"2":2,"3":25,"4":63,"5":7,"6":14},"b":{"0":[2,2],"1":[2,2],"2":[2,2],"3":[5],"4":[1]}}
,"/Applications/XAMPP/xamppfiles/htdocs/blockchain/wallex-task/src/Services/VendingService.ts": {"path":"/Applications/XAMPP/xamppfiles/htdocs/blockchain/wallex-task/src/Services/VendingService.ts","statementMap":{"0":{"start":{"line":2,"column":0},"end":{"line":2,"column":60}},"1":{"start":{"line":3,"column":0},"end":{"line":3,"column":41}},"2":{"start":{"line":5,"column":0},"end":{"line":5,"column":null}},"3":{"start":{"line":6,"column":2},"end":{"line":6,"column":null}},"4":{"start":{"line":7,"column":2},"end":{"line":7,"column":null}},"5":{"start":{"line":8,"column":2},"end":{"line":8,"column":null}},"6":{"start":{"line":11,"column":0},"end":{"line":11,"column":13}},"7":{"start":{"line":15,"column":10},"end":{"line":15,"column":69}},"8":{"start":{"line":17,"column":4},"end":{"line":17,"column":30}},"9":{"start":{"line":18,"column":4},"end":{"line":18,"column":53}},"10":{"start":{"line":19,"column":4},"end":{"line":19,"column":31}},"11":{"start":{"line":22,"column":9},"end":{"line":32,"column":null}},"12":{"start":{"line":23,"column":18},"end":{"line":23,"column":48}},"13":{"start":{"line":24,"column":4},"end":{"line":25,"column":19}},"14":{"start":{"line":25,"column":6},"end":{"line":25,"column":19}},"15":{"start":{"line":26,"column":4},"end":{"line":26,"column":37}},"16":{"start":{"line":27,"column":4},"end":{"line":27,"column":40}},"17":{"start":{"line":28,"column":4},"end":{"line":28,"column":40}},"18":{"start":{"line":29,"column":4},"end":{"line":29,"column":36}},"19":{"start":{"line":30,"column":4},"end":{"line":30,"column":30}},"20":{"start":{"line":31,"column":4},"end":{"line":31,"column":16}},"21":{"start":{"line":34,"column":9},"end":{"line":52,"column":null}},"22":{"start":{"line":36,"column":4},"end":{"line":36,"column":47}},"23":{"start":{"line":38,"column":18},"end":{"line":38,"column":48}},"24":{"start":{"line":39,"column":4},"end":{"line":40,"column":17}},"25":{"start":{"line":40,"column":4},"end":{"line":40,"column":17}},"26":{"start":{"line":42,"column":20},"end":{"line":42,"column":72}},"27":{"start":{"line":43,"column":4},"end":{"line":43,"column":32}},"28":{"start":{"line":44,"column":4},"end":{"line":45,"column":null}},"29":{"start":{"line":45,"column":6},"end":{"line":45,"column":null}},"30":{"start":{"line":47,"column":4},"end":{"line":47,"column":32}},"31":{"start":{"line":48,"column":4},"end":{"line":48,"column":35}},"32":{"start":{"line":49,"column":4},"end":{"line":49,"column":44}},"33":{"start":{"line":50,"column":4},"end":{"line":50,"column":30}},"34":{"start":{"line":51,"column":4},"end":{"line":51,"column":16}},"35":{"start":{"line":53,"column":10},"end":{"line":58,"column":null}},"36":{"start":{"line":54,"column":18},"end":{"line":54,"column":63}},"37":{"start":{"line":54,"column":41},"end":{"line":54,"column":60}},"38":{"start":{"line":55,"column":4},"end":{"line":56,"column":null}},"39":{"start":{"line":56,"column":6},"end":{"line":56,"column":null}},"40":{"start":{"line":57,"column":4},"end":{"line":57,"column":19}},"41":{"start":{"line":60,"column":10},"end":{"line":64,"column":null}},"42":{"start":{"line":61,"column":4},"end":{"line":62,"column":48}},"43":{"start":{"line":62,"column":6},"end":{"line":62,"column":48}},"44":{"start":{"line":63,"column":4},"end":{"line":63,"column":42}},"45":{"start":{"line":66,"column":10},"end":{"line":68,"column":null}},"46":{"start":{"line":67,"column":4},"end":{"line":67,"column":80}},"47":{"start":{"line":67,"column":37},"end":{"line":67,"column":79}},"48":{"start":{"line":70,"column":9},"end":{"line":80,"column":null}},"49":{"start":{"line":70,"column":2},"end":{"line":70,"column":9}},"50":{"start":{"line":71,"column":16},"end":{"line":71,"column":38}},"51":{"start":{"line":72,"column":4},"end":{"line":79,"column":null}},"52":{"start":{"line":73,"column":6},"end":{"line":77,"column":null}},"53":{"start":{"line":74,"column":8},"end":{"line":74,"column":36}},"54":{"start":{"line":75,"column":8},"end":{"line":75,"column":35}},"55":{"start":{"line":76,"column":8},"end":{"line":76,"column":39}},"56":{"start":{"line":78,"column":6},"end":{"line":78,"column":21}},"57":{"start":{"line":82,"column":9},"end":{"line":84,"column":null}},"58":{"start":{"line":83,"column":4},"end":{"line":83,"column":30}},"59":{"start":{"line":85,"column":0},"end":{"line":85,"column":null}},"60":{"start":{"line":11,"column":13},"end":{"line":11,"column":27}}},"fnMap":{"0":{"name":"(anonymous_0)","decl":{"start":{"line":5,"column":0},"end":{"line":5,"column":12}},"loc":{"start":{"line":5,"column":18},"end":{"line":9,"column":1}}},"1":{"name":"(anonymous_1)","decl":{"start":{"line":11,"column":0},"end":{"line":11,"column":13}},"loc":{"start":{"line":11,"column":0},"end":{"line":85,"column":null}}},"2":{"name":"VendingService","decl":{"start":{"line":16,"column":2},"end":{"line":16,"column":14}},"loc":{"start":{"line":16,"column":37},"end":{"line":20,"column":3}}},"3":{"name":"(anonymous_3)","decl":{"start":{"line":22,"column":2},"end":{"line":22,"column":9}},"loc":{"start":{"line":22,"column":58},"end":{"line":32,"column":3}}},"4":{"name":"(anonymous_4)","decl":{"start":{"line":34,"column":2},"end":{"line":34,"column":9}},"loc":{"start":{"line":34,"column":75},"end":{"line":52,"column":3}}},"5":{"name":"(anonymous_5)","decl":{"start":{"line":53,"column":2},"end":{"line":53,"column":10}},"loc":{"start":{"line":53,"column":42},"end":{"line":58,"column":3}}},"6":{"name":"(anonymous_6)","decl":{"start":{"line":54,"column":36},"end":{"line":54,"column":37}},"loc":{"start":{"line":54,"column":37},"end":{"line":54,"column":42}}},"7":{"name":"(anonymous_7)","decl":{"start":{"line":60,"column":2},"end":{"line":60,"column":10}},"loc":{"start":{"line":60,"column":54},"end":{"line":64,"column":3}}},"8":{"name":"(anonymous_8)","decl":{"start":{"line":66,"column":2},"end":{"line":66,"column":10}},"loc":{"start":{"line":66,"column":41},"end":{"line":68,"column":3}}},"9":{"name":"(anonymous_9)","decl":{"start":{"line":67,"column":32},"end":{"line":67,"column":33}},"loc":{"start":{"line":67,"column":33},"end":{"line":67,"column":38}}},"10":{"name":"(anonymous_10)","decl":{"start":{"line":70,"column":2},"end":{"line":70,"column":9}},"loc":{"start":{"line":70,"column":2},"end":{"line":80,"column":3}}},"11":{"name":"(anonymous_11)","decl":{"start":{"line":72,"column":32},"end":{"line":72,"column":39}},"loc":{"start":{"line":72,"column":39},"end":{"line":79,"column":5}}},"12":{"name":"(anonymous_12)","decl":{"start":{"line":82,"column":2},"end":{"line":82,"column":9}},"loc":{"start":{"line":82,"column":2},"end":{"line":84,"column":3}}}},"branchMap":{"0":{"loc":{"start":{"line":5,"column":12},"end":{"line":5,"column":null}},"type":"binary-expr","locations":[{"start":{"line":5,"column":12},"end":{"line":5,"column":18}},{"start":{"line":5,"column":12},"end":{"line":5,"column":null}}]},"1":{"loc":{"start":{"line":15,"column":20},"end":{"line":15,"column":68}},"type":"cond-expr","locations":[{"start":{"line":15,"column":54},"end":{"line":15,"column":55}},{"start":{"line":15,"column":58},"end":{"line":15,"column":68}}]},"2":{"loc":{"start":{"line":24,"column":4},"end":{"line":25,"column":19}},"type":"if","locations":[{"start":{"line":24,"column":4},"end":{"line":25,"column":19}}]},"3":{"loc":{"start":{"line":39,"column":4},"end":{"line":40,"column":17}},"type":"if","locations":[{"start":{"line":39,"column":4},"end":{"line":40,"column":17}}]},"4":{"loc":{"start":{"line":44,"column":4},"end":{"line":45,"column":null}},"type":"if","locations":[{"start":{"line":44,"column":4},"end":{"line":45,"column":null}}]},"5":{"loc":{"start":{"line":55,"column":4},"end":{"line":56,"column":null}},"type":"if","locations":[{"start":{"line":55,"column":4},"end":{"line":56,"column":null}}]},"6":{"loc":{"start":{"line":61,"column":4},"end":{"line":62,"column":48}},"type":"if","locations":[{"start":{"line":61,"column":4},"end":{"line":62,"column":48}}]},"7":{"loc":{"start":{"line":67,"column":38},"end":{"line":67,"column":77}},"type":"cond-expr","locations":[{"start":{"line":67,"column":63},"end":{"line":67,"column":73}},{"start":{"line":67,"column":76},"end":{"line":67,"column":77}}]},"8":{"loc":{"start":{"line":73,"column":6},"end":{"line":77,"column":null}},"type":"if","locations":[{"start":{"line":73,"column":6},"end":{"line":77,"column":null}}]},"9":{"loc":{"start":{"line":73,"column":9},"end":{"line":73,"column":88}},"type":"binary-expr","locations":[{"start":{"line":73,"column":9},"end":{"line":73,"column":31}},{"start":{"line":73,"column":35},"end":{"line":73,"column":88}}]}},"s":{"0":1,"1":1,"2":1,"3":1,"4":1,"5":1,"6":1,"7":11,"8":11,"9":11,"10":11,"11":1,"12":10,"13":9,"14":1,"15":8,"16":8,"17":8,"18":8,"19":8,"20":8,"21":1,"22":8,"23":7,"24":6,"25":1,"26":5,"27":4,"28":3,"29":1,"30":2,"31":2,"32":2,"33":2,"34":2,"35":1,"36":17,"37":85,"38":17,"39":2,"40":15,"41":1,"42":8,"43":1,"44":7,"45":1,"46":10,"47":50,"48":1,"49":1,"50":1,"51":1,"52":5,"53":1,"54":1,"55":1,"56":5,"57":1,"58":13,"59":1,"60":1},"f":{"0":1,"1":1,"2":11,"3":10,"4":8,"5":17,"6":85,"7":8,"8":10,"9":50,"10":1,"11":5,"12":13},"b":{"0":[1,1],"1":[11,0],"2":[1],"3":[1],"4":[1],"5":[2],"6":[1],"7":[10,40],"8":[1],"9":[5,1]}}
,"/Applications/XAMPP/xamppfiles/htdocs/blockchain/wallex-task/src/Utility/index.ts": {"path":"/Applications/XAMPP/xamppfiles/htdocs/blockchain/wallex-task/src/Utility/index.ts","statementMap":{"0":{"start":{"line":1,"column":0},"end":{"line":1,"column":32}},"1":{"start":{"line":2,"column":0},"end":{"line":2,"column":44}},"2":{"start":{"line":3,"column":0},"end":{"line":3,"column":60}},"3":{"start":{"line":5,"column":36},"end":{"line":12,"column":1}},"4":{"start":{"line":6,"column":24},"end":{"line":6,"column":26}},"5":{"start":{"line":7,"column":22},"end":{"line":7,"column":45}},"6":{"start":{"line":8,"column":2},"end":{"line":10,"column":null}},"7":{"start":{"line":9,"column":4},"end":{"line":9,"column":64}},"8":{"start":{"line":11,"column":2},"end":{"line":11,"column":13}},"9":{"start":{"line":5,"column":13},"end":{"line":5,"column":36}}},"fnMap":{"0":{"name":"(anonymous_0)","decl":{"start":{"line":5,"column":36},"end":{"line":5,"column":37}},"loc":{"start":{"line":5,"column":50},"end":{"line":12,"column":1}}}},"branchMap":{},"s":{"0":1,"1":1,"2":1,"3":1,"4":11,"5":11,"6":11,"7":55,"8":11,"9":1},"f":{"0":11},"b":{}}
}
