TN:
SF:src/Models/Machine.ts
FN:3,(anonymous_0)
FN:7,(anonymous_1)
FN:22,(anonymous_2)
FN:28,Machine
FN:35,(anonymous_4)
FN:48,(anonymous_5)
FN:38,(anonymous_6)
FN:51,(anonymous_7)
FN:41,(anonymous_8)
FN:54,(anonymous_9)
FN:44,(anonymous_10)
FN:57,(anonymous_11)
FN:61,(anonymous_12)
FN:62,(anonymous_13)
FNF:14
FNH:14
FNDA:1,(anonymous_0)
FNDA:1,(anonymous_1)
FNDA:1,(anonymous_2)
FNDA:55,Machine
FNDA:19,(anonymous_4)
FNDA:11,(anonymous_5)
FNDA:8,(anonymous_6)
FNDA:8,(anonymous_7)
FNDA:13,(anonymous_8)
FNDA:11,(anonymous_9)
FNDA:6,(anonymous_10)
FNDA:11,(anonymous_11)
FNDA:4,(anonymous_12)
FNDA:8,(anonymous_13)
DA:3,1
DA:4,1
DA:7,1
DA:8,1
DA:9,1
DA:22,1
DA:28,55
DA:29,55
DA:30,55
DA:31,55
DA:32,55
DA:35,1
DA:36,19
DA:38,1
DA:39,8
DA:41,1
DA:42,13
DA:44,1
DA:45,6
DA:49,11
DA:52,8
DA:55,11
DA:58,11
DA:61,1
DA:62,8
DA:63,1
DA:65,1
LF:27
LH:27
BRDA:3,0,0,1
BRDA:3,0,1,1
BRDA:7,1,0,1
BRDA:7,1,1,1
BRDA:62,2,0,1
BRF:5
BRH:5
end_of_record
TN:
SF:src/Repositories/Product.ts
FN:5,(anonymous_0)
FN:8,(anonymous_1)
FN:12,(anonymous_2)
FN:19,(anonymous_3)
FN:21,(anonymous_5)
FN:35,(anonymous_6)
FN:36,(anonymous_7)
FNF:7
FNH:7
FNDA:2,(anonymous_0)
FNDA:2,(anonymous_1)
FNDA:2,(anonymous_2)
FNDA:25,(anonymous_3)
FNDA:63,(anonymous_5)
FNDA:7,(anonymous_6)
FNDA:14,(anonymous_7)
DA:5,2
DA:6,2
DA:8,2
DA:9,2
DA:10,2
DA:12,2
DA:13,2
DA:14,2
DA:15,2
DA:17,2
DA:19,2
DA:21,2
DA:22,63
DA:26,63
DA:30,63
DA:35,2
DA:36,14
DA:37,7
DA:38,5
DA:39,2
DA:40,1
DA:41,1
DA:43,2
LF:23
LH:23
BRDA:5,0,0,2
BRDA:5,0,1,2
BRDA:8,1,0,2
BRDA:8,1,1,2
BRDA:12,2,0,2
BRDA:12,2,1,2
BRDA:37,3,0,5
BRDA:39,4,0,1
BRF:8
BRH:8
end_of_record
TN:
SF:src/Services/VendingService.ts
FN:5,(anonymous_0)
FN:11,(anonymous_1)
FN:16,VendingService
FN:22,(anonymous_3)
FN:34,(anonymous_4)
FN:53,(anonymous_5)
FN:54,(anonymous_6)
FN:60,(anonymous_7)
FN:66,(anonymous_8)
FN:67,(anonymous_9)
FN:70,(anonymous_10)
FN:72,(anonymous_11)
FN:82,(anonymous_12)
FNF:13
FNH:13
FNDA:1,(anonymous_0)
FNDA:1,(anonymous_1)
FNDA:11,VendingService
FNDA:10,(anonymous_3)
FNDA:8,(anonymous_4)
FNDA:17,(anonymous_5)
FNDA:85,(anonymous_6)
FNDA:8,(anonymous_7)
FNDA:10,(anonymous_8)
FNDA:50,(anonymous_9)
FNDA:1,(anonymous_10)
FNDA:5,(anonymous_11)
FNDA:13,(anonymous_12)
DA:2,1
DA:3,1
DA:5,1
DA:6,1
DA:7,1
DA:8,1
DA:11,1
DA:15,11
DA:17,11
DA:18,11
DA:19,11
DA:22,1
DA:23,10
DA:24,9
DA:25,1
DA:26,8
DA:27,8
DA:28,8
DA:29,8
DA:30,8
DA:31,8
DA:34,1
DA:36,8
DA:38,7
DA:39,6
DA:40,1
DA:42,5
DA:43,4
DA:44,3
DA:45,1
DA:47,2
DA:48,2
DA:49,2
DA:50,2
DA:51,2
DA:53,1
DA:54,85
DA:55,17
DA:56,2
DA:57,15
DA:60,1
DA:61,8
DA:62,1
DA:63,7
DA:66,1
DA:67,50
DA:70,1
DA:71,1
DA:72,1
DA:73,5
DA:74,1
DA:75,1
DA:76,1
DA:78,5
DA:82,1
DA:83,13
DA:85,1
LF:57
LH:57
BRDA:5,0,0,1
BRDA:5,0,1,1
BRDA:15,1,0,11
BRDA:15,1,1,0
BRDA:24,2,0,1
BRDA:39,3,0,1
BRDA:44,4,0,1
BRDA:55,5,0,2
BRDA:61,6,0,1
BRDA:67,7,0,10
BRDA:67,7,1,40
BRDA:73,8,0,1
BRDA:73,9,0,5
BRDA:73,9,1,1
BRF:14
BRH:13
end_of_record
TN:
SF:src/Utility/index.ts
FN:5,(anonymous_0)
FNF:1
FNH:1
FNDA:11,(anonymous_0)
DA:1,1
DA:2,1
DA:3,1
DA:5,1
DA:6,11
DA:7,11
DA:8,11
DA:9,55
DA:11,11
LF:9
LH:9
BRF:0
BRH:0
end_of_record
